2025-07-19 14:25:03,000 - hvlc_db - INFO - Logger initialized with level INFO
2025-07-19 14:25:03,117 - hvlc_db - INFO - Loaded 3 format profiles from registry
2025-07-19 14:25:03,117 - hvlc_db - INFO - Connecting to database at medical_billing.db
2025-07-19 14:25:03,119 - hvlc_db - INFO - Database connection established and tables verified
2025-07-19 14:25:03,119 - hvlc_db - INFO - Importing file csv_folder/billing/1-31-23 Payments-Hendersonville - Tammy M.csv
2025-07-19 14:25:03,119 - hvlc_db - INFO - Transforming file csv_folder/billing/1-31-23 Payments-Hendersonville - Tammy M.csv
2025-07-19 14:25:03,128 - hvlc_db - INFO - Starting upload of CSV data from 1-31-23 Payments-Hendersonville - Tammy M.csv with 161 records
2025-07-19 14:25:03,172 - hvlc_db - WARNING - Row 137: Missing cash_applied value in 1-31-23 Payments-Hendersonville - Tammy M.csv
2025-07-19 14:25:03,173 - hvlc_db - ERROR - Error processing row 137 in 1-31-23 Payments-Hendersonville - Tammy M.csv: NOT NULL constraint failed: payment_transactions.cash_applied
Traceback (most recent call last):
  File "/Users/tim/Desktop/DB/HVLC_DB/medical_billing_db.py", line 386, in _process_dataframe
    self.conn.execute("""
sqlite3.IntegrityError: NOT NULL constraint failed: payment_transactions.cash_applied

2025-07-19 14:25:03,173 - hvlc_db - WARNING - Row 138: Missing cash_applied value in 1-31-23 Payments-Hendersonville - Tammy M.csv
2025-07-19 14:25:03,173 - hvlc_db - ERROR - Error processing row 138 in 1-31-23 Payments-Hendersonville - Tammy M.csv: NOT NULL constraint failed: payment_transactions.cash_applied
Traceback (most recent call last):
  File "/Users/tim/Desktop/DB/HVLC_DB/medical_billing_db.py", line 386, in _process_dataframe
    self.conn.execute("""
sqlite3.IntegrityError: NOT NULL constraint failed: payment_transactions.cash_applied

2025-07-19 14:25:03,182 - hvlc_db - INFO - CSV upload completed: 159 successful, 2 failed, 4 issues
