2025-07-20 13:52:33,337 - hvlc_db - INFO - Logger initialized with level INFO
2025-07-20 13:52:33,480 - hvlc_db - INFO - Connecting to database at medical_billing.db
2025-07-20 13:52:33,482 - hvlc_db - INFO - Database connection established and tables verified
2025-07-20 13:52:33,511 - hvlc_db - ERROR - Error processing csv_folder/billing/1-31-24 Payments-Hendersonville - Ardelle Bland.csv: argument of type 'float' is not iterable
2025-07-20 13:52:33,517 - hvlc_db - WARNING - Could not parse date '9/14/23': time data '9/14/23' does not match format '%m/%d/%Y'
2025-07-20 13:52:33,517 - hvlc_db - WARNING - Could not parse date '10/5/23': time data '10/5/23' does not match format '%m/%d/%Y'
2025-07-20 13:52:33,518 - hvlc_db - WARNING - Could not parse date '9/14/23': time data '9/14/23' does not match format '%m/%d/%Y'
2025-07-20 13:52:33,518 - hvlc_db - WARNING - Could not parse date '10/5/23': time data '10/5/23' does not match format '%m/%d/%Y'
2025-07-20 13:52:33,518 - hvlc_db - WARNING - Could not parse date '9/18/23': time data '9/18/23' does not match format '%m/%d/%Y'
2025-07-20 13:52:33,518 - hvlc_db - WARNING - Could not parse date '10/5/23': time data '10/5/23' does not match format '%m/%d/%Y'
2025-07-20 13:52:33,518 - hvlc_db - WARNING - Could not parse date '9/25/23': time data '9/25/23' does not match format '%m/%d/%Y'
2025-07-20 13:52:33,518 - hvlc_db - WARNING - Could not parse date '10/5/23': time data '10/5/23' does not match format '%m/%d/%Y'
2025-07-20 13:52:33,518 - hvlc_db - WARNING - Could not parse date '9/26/23': time data '9/26/23' does not match format '%m/%d/%Y'
2025-07-20 13:52:33,518 - hvlc_db - WARNING - Could not parse date '10/5/23': time data '10/5/23' does not match format '%m/%d/%Y'
2025-07-20 13:52:33,518 - hvlc_db - WARNING - Could not parse date '9/26/23': time data '9/26/23' does not match format '%m/%d/%Y'
2025-07-20 13:52:33,518 - hvlc_db - WARNING - Could not parse date '10/5/23': time data '10/5/23' does not match format '%m/%d/%Y'
2025-07-20 13:52:33,518 - hvlc_db - WARNING - Could not parse date '10/3/23': time data '10/3/23' does not match format '%m/%d/%Y'
2025-07-20 13:52:33,518 - hvlc_db - WARNING - Could not parse date '10/5/23': time data '10/5/23' does not match format '%m/%d/%Y'
2025-07-20 13:52:33,518 - hvlc_db - WARNING - Could not parse date '10/4/23': time data '10/4/23' does not match format '%m/%d/%Y'
2025-07-20 13:52:33,518 - hvlc_db - WARNING - Could not parse date '10/5/23': time data '10/5/23' does not match format '%m/%d/%Y'
2025-07-20 13:52:33,518 - hvlc_db - WARNING - Could not parse date '10/4/23': time data '10/4/23' does not match format '%m/%d/%Y'
2025-07-20 13:52:33,518 - hvlc_db - WARNING - Could not parse date '10/5/23': time data '10/5/23' does not match format '%m/%d/%Y'
2025-07-20 13:52:33,518 - hvlc_db - WARNING - Could not parse date '10/5/23': time data '10/5/23' does not match format '%m/%d/%Y'
2025-07-20 13:52:33,518 - hvlc_db - WARNING - Could not parse date '10/5/23': time data '10/5/23' does not match format '%m/%d/%Y'
2025-07-20 13:52:33,518 - hvlc_db - WARNING - Could not parse date '9/19/23': time data '9/19/23' does not match format '%m/%d/%Y'
2025-07-20 13:52:33,518 - hvlc_db - WARNING - Could not parse date '10/11/23': time data '10/11/23' does not match format '%m/%d/%Y'
2025-07-20 13:52:33,519 - hvlc_db - WARNING - Could not parse date '9/21/23': time data '9/21/23' does not match format '%m/%d/%Y'
2025-07-20 13:52:33,519 - hvlc_db - WARNING - Could not parse date '10/9/23': time data '10/9/23' does not match format '%m/%d/%Y'
2025-07-20 13:52:33,519 - hvlc_db - WARNING - Could not parse date '9/25/23': time data '9/25/23' does not match format '%m/%d/%Y'
2025-07-20 13:52:33,519 - hvlc_db - WARNING - Could not parse date '10/9/23': time data '10/9/23' does not match format '%m/%d/%Y'
2025-07-20 13:52:33,519 - hvlc_db - WARNING - Could not parse date '9/26/23': time data '9/26/23' does not match format '%m/%d/%Y'
2025-07-20 13:52:33,519 - hvlc_db - WARNING - Could not parse date '10/13/23': time data '10/13/23' does not match format '%m/%d/%Y'
2025-07-20 13:52:33,519 - hvlc_db - WARNING - Could not parse date '9/26/23': time data '9/26/23' does not match format '%m/%d/%Y'
2025-07-20 13:52:33,519 - hvlc_db - WARNING - Could not parse date '10/13/23': time data '10/13/23' does not match format '%m/%d/%Y'
2025-07-20 13:52:33,519 - hvlc_db - WARNING - Could not parse date '9/27/23': time data '9/27/23' does not match format '%m/%d/%Y'
2025-07-20 13:52:33,519 - hvlc_db - WARNING - Could not parse date '10/13/23': time data '10/13/23' does not match format '%m/%d/%Y'
2025-07-20 13:52:33,519 - hvlc_db - WARNING - Could not parse date '9/28/23': time data '9/28/23' does not match format '%m/%d/%Y'
2025-07-20 13:52:33,519 - hvlc_db - WARNING - Could not parse date '10/9/23': time data '10/9/23' does not match format '%m/%d/%Y'
2025-07-20 13:52:33,519 - hvlc_db - WARNING - Could not parse date '9/28/23': time data '9/28/23' does not match format '%m/%d/%Y'
2025-07-20 13:52:33,519 - hvlc_db - WARNING - Could not parse date '10/13/23': time data '10/13/23' does not match format '%m/%d/%Y'
2025-07-20 13:52:33,519 - hvlc_db - WARNING - Could not parse date '10/2/23': time data '10/2/23' does not match format '%m/%d/%Y'
2025-07-20 13:52:33,519 - hvlc_db - WARNING - Could not parse date '10/10/23': time data '10/10/23' does not match format '%m/%d/%Y'
2025-07-20 13:52:33,519 - hvlc_db - WARNING - Could not parse date '10/10/23': time data '10/10/23' does not match format '%m/%d/%Y'
2025-07-20 13:52:33,519 - hvlc_db - WARNING - Could not parse date '10/9/23': time data '10/9/23' does not match format '%m/%d/%Y'
2025-07-20 13:52:33,519 - hvlc_db - WARNING - Could not parse date '10/10/23': time data '10/10/23' does not match format '%m/%d/%Y'
2025-07-20 13:52:33,519 - hvlc_db - WARNING - Could not parse date '10/9/23': time data '10/9/23' does not match format '%m/%d/%Y'
2025-07-20 13:52:33,520 - hvlc_db - WARNING - Could not parse date '10/10/23': time data '10/10/23' does not match format '%m/%d/%Y'
2025-07-20 13:52:33,520 - hvlc_db - WARNING - Could not parse date '10/9/23': time data '10/9/23' does not match format '%m/%d/%Y'
2025-07-20 13:52:33,520 - hvlc_db - WARNING - Could not parse date '10/11/23': time data '10/11/23' does not match format '%m/%d/%Y'
2025-07-20 13:52:33,520 - hvlc_db - WARNING - Could not parse date '10/11/23': time data '10/11/23' does not match format '%m/%d/%Y'
2025-07-20 13:52:33,520 - hvlc_db - WARNING - Could not parse date '10/11/23': time data '10/11/23' does not match format '%m/%d/%Y'
2025-07-20 13:52:33,520 - hvlc_db - WARNING - Could not parse date '10/13/23': time data '10/13/23' does not match format '%m/%d/%Y'
2025-07-20 13:52:33,520 - hvlc_db - WARNING - Could not parse date '10/11/23': time data '10/11/23' does not match format '%m/%d/%Y'
2025-07-20 13:52:33,520 - hvlc_db - WARNING - Could not parse date '10/13/23': time data '10/13/23' does not match format '%m/%d/%Y'
2025-07-20 13:52:33,520 - hvlc_db - WARNING - Could not parse date '10/13/23': time data '10/13/23' does not match format '%m/%d/%Y'
2025-07-20 13:52:33,520 - hvlc_db - WARNING - Could not parse date '10/13/23': time data '10/13/23' does not match format '%m/%d/%Y'
2025-07-20 13:52:33,520 - hvlc_db - WARNING - Could not parse date '9/27/23': time data '9/27/23' does not match format '%m/%d/%Y'
2025-07-20 13:52:33,520 - hvlc_db - WARNING - Could not parse date '10/20/23': time data '10/20/23' does not match format '%m/%d/%Y'
2025-07-20 13:52:33,520 - hvlc_db - WARNING - Could not parse date '9/28/23': time data '9/28/23' does not match format '%m/%d/%Y'
2025-07-20 13:52:33,520 - hvlc_db - WARNING - Could not parse date '10/20/23': time data '10/20/23' does not match format '%m/%d/%Y'
2025-07-20 13:52:33,520 - hvlc_db - WARNING - Could not parse date '9/28/23': time data '9/28/23' does not match format '%m/%d/%Y'
2025-07-20 13:52:33,520 - hvlc_db - WARNING - Could not parse date '10/20/23': time data '10/20/23' does not match format '%m/%d/%Y'
2025-07-20 13:52:33,520 - hvlc_db - WARNING - Could not parse date '10/2/23': time data '10/2/23' does not match format '%m/%d/%Y'
2025-07-20 13:52:33,520 - hvlc_db - WARNING - Could not parse date '10/16/23': time data '10/16/23' does not match format '%m/%d/%Y'
2025-07-20 13:52:33,521 - hvlc_db - WARNING - Could not parse date '10/2/23': time data '10/2/23' does not match format '%m/%d/%Y'
2025-07-20 13:52:33,521 - hvlc_db - WARNING - Could not parse date '10/20/23': time data '10/20/23' does not match format '%m/%d/%Y'
2025-07-20 13:52:33,521 - hvlc_db - WARNING - Could not parse date '10/3/23': time data '10/3/23' does not match format '%m/%d/%Y'
2025-07-20 13:52:33,521 - hvlc_db - WARNING - Could not parse date '10/16/23': time data '10/16/23' does not match format '%m/%d/%Y'
2025-07-20 13:52:33,521 - hvlc_db - WARNING - Could not parse date '10/3/23': time data '10/3/23' does not match format '%m/%d/%Y'
2025-07-20 13:52:33,521 - hvlc_db - WARNING - Could not parse date '10/20/23': time data '10/20/23' does not match format '%m/%d/%Y'
2025-07-20 13:52:33,521 - hvlc_db - WARNING - Could not parse date '10/3/23': time data '10/3/23' does not match format '%m/%d/%Y'
2025-07-20 13:52:33,521 - hvlc_db - WARNING - Could not parse date '10/20/23': time data '10/20/23' does not match format '%m/%d/%Y'
2025-07-20 13:52:33,521 - hvlc_db - WARNING - Could not parse date '10/4/23': time data '10/4/23' does not match format '%m/%d/%Y'
2025-07-20 13:52:33,521 - hvlc_db - WARNING - Could not parse date '10/16/23': time data '10/16/23' does not match format '%m/%d/%Y'
2025-07-20 13:52:33,521 - hvlc_db - WARNING - Could not parse date '10/9/23': time data '10/9/23' does not match format '%m/%d/%Y'
2025-07-20 13:52:33,521 - hvlc_db - WARNING - Could not parse date '10/16/23': time data '10/16/23' does not match format '%m/%d/%Y'
2025-07-20 13:52:33,521 - hvlc_db - WARNING - Could not parse date '10/9/23': time data '10/9/23' does not match format '%m/%d/%Y'
2025-07-20 13:52:33,521 - hvlc_db - WARNING - Could not parse date '10/20/23': time data '10/20/23' does not match format '%m/%d/%Y'
2025-07-20 13:52:33,521 - hvlc_db - WARNING - Could not parse date '10/10/23': time data '10/10/23' does not match format '%m/%d/%Y'
2025-07-20 13:52:33,521 - hvlc_db - WARNING - Could not parse date '10/20/23': time data '10/20/23' does not match format '%m/%d/%Y'
2025-07-20 13:52:33,521 - hvlc_db - WARNING - Could not parse date '10/13/23': time data '10/13/23' does not match format '%m/%d/%Y'
2025-07-20 13:52:33,521 - hvlc_db - WARNING - Could not parse date '10/16/23': time data '10/16/23' does not match format '%m/%d/%Y'
2025-07-20 13:52:33,521 - hvlc_db - WARNING - Could not parse date '10/16/23': time data '10/16/23' does not match format '%m/%d/%Y'
2025-07-20 13:52:33,521 - hvlc_db - WARNING - Could not parse date '10/16/23': time data '10/16/23' does not match format '%m/%d/%Y'
2025-07-20 13:52:33,521 - hvlc_db - WARNING - Could not parse date '10/16/23': time data '10/16/23' does not match format '%m/%d/%Y'
2025-07-20 13:52:33,522 - hvlc_db - WARNING - Could not parse date '10/20/23': time data '10/20/23' does not match format '%m/%d/%Y'
2025-07-20 13:52:33,522 - hvlc_db - WARNING - Could not parse date '10/17/23': time data '10/17/23' does not match format '%m/%d/%Y'
2025-07-20 13:52:33,522 - hvlc_db - WARNING - Could not parse date '10/20/23': time data '10/20/23' does not match format '%m/%d/%Y'
2025-07-20 13:52:33,522 - hvlc_db - WARNING - Could not parse date '10/17/23': time data '10/17/23' does not match format '%m/%d/%Y'
2025-07-20 13:52:33,522 - hvlc_db - WARNING - Could not parse date '10/20/23': time data '10/20/23' does not match format '%m/%d/%Y'
2025-07-20 13:52:33,522 - hvlc_db - WARNING - Could not parse date '10/18/23': time data '10/18/23' does not match format '%m/%d/%Y'
2025-07-20 13:52:33,522 - hvlc_db - WARNING - Could not parse date '10/20/23': time data '10/20/23' does not match format '%m/%d/%Y'
2025-07-20 13:52:33,522 - hvlc_db - WARNING - Could not parse date '10/18/23': time data '10/18/23' does not match format '%m/%d/%Y'
2025-07-20 13:52:33,522 - hvlc_db - WARNING - Could not parse date '10/20/23': time data '10/20/23' does not match format '%m/%d/%Y'
2025-07-20 13:52:33,522 - hvlc_db - WARNING - Could not parse date '10/19/23': time data '10/19/23' does not match format '%m/%d/%Y'
2025-07-20 13:52:33,522 - hvlc_db - WARNING - Could not parse date '10/20/23': time data '10/20/23' does not match format '%m/%d/%Y'
2025-07-20 13:52:33,523 - hvlc_db - WARNING - Could not parse date '10/20/23': time data '10/20/23' does not match format '%m/%d/%Y'
2025-07-20 13:52:33,523 - hvlc_db - WARNING - Could not parse date '10/20/23': time data '10/20/23' does not match format '%m/%d/%Y'
2025-07-20 13:52:33,523 - hvlc_db - WARNING - Could not parse date '9/25/23': time data '9/25/23' does not match format '%m/%d/%Y'
2025-07-20 13:52:33,523 - hvlc_db - WARNING - Could not parse date '10/26/23': time data '10/26/23' does not match format '%m/%d/%Y'
2025-07-20 13:52:33,523 - hvlc_db - WARNING - Could not parse date '10/4/23': time data '10/4/23' does not match format '%m/%d/%Y'
2025-07-20 13:52:33,523 - hvlc_db - WARNING - Could not parse date '10/26/23': time data '10/26/23' does not match format '%m/%d/%Y'
2025-07-20 13:52:33,523 - hvlc_db - WARNING - Could not parse date '10/5/23': time data '10/5/23' does not match format '%m/%d/%Y'
2025-07-20 13:52:33,523 - hvlc_db - WARNING - Could not parse date '10/26/23': time data '10/26/23' does not match format '%m/%d/%Y'
2025-07-20 13:52:33,523 - hvlc_db - WARNING - Could not parse date '10/5/23': time data '10/5/23' does not match format '%m/%d/%Y'
2025-07-20 13:52:33,523 - hvlc_db - WARNING - Could not parse date '10/26/23': time data '10/26/23' does not match format '%m/%d/%Y'
2025-07-20 13:52:33,523 - hvlc_db - WARNING - Could not parse date '10/9/23': time data '10/9/23' does not match format '%m/%d/%Y'
2025-07-20 13:52:33,523 - hvlc_db - WARNING - Could not parse date '10/26/23': time data '10/26/23' does not match format '%m/%d/%Y'
2025-07-20 13:52:33,523 - hvlc_db - WARNING - Could not parse date '10/10/23': time data '10/10/23' does not match format '%m/%d/%Y'
2025-07-20 13:52:33,523 - hvlc_db - WARNING - Could not parse date '10/26/23': time data '10/26/23' does not match format '%m/%d/%Y'
2025-07-20 13:52:33,524 - hvlc_db - WARNING - Could not parse date '10/11/23': time data '10/11/23' does not match format '%m/%d/%Y'
2025-07-20 13:52:33,524 - hvlc_db - WARNING - Could not parse date '10/26/23': time data '10/26/23' does not match format '%m/%d/%Y'
2025-07-20 13:52:33,524 - hvlc_db - WARNING - Could not parse date '10/13/23': time data '10/13/23' does not match format '%m/%d/%Y'
2025-07-20 13:52:33,524 - hvlc_db - WARNING - Could not parse date '10/26/23': time data '10/26/23' does not match format '%m/%d/%Y'
2025-07-20 13:52:33,524 - hvlc_db - WARNING - Could not parse date '10/13/23': time data '10/13/23' does not match format '%m/%d/%Y'
2025-07-20 13:52:33,524 - hvlc_db - WARNING - Could not parse date '10/26/23': time data '10/26/23' does not match format '%m/%d/%Y'
2025-07-20 13:52:33,524 - hvlc_db - WARNING - Could not parse date '10/18/23': time data '10/18/23' does not match format '%m/%d/%Y'
2025-07-20 13:52:33,524 - hvlc_db - WARNING - Could not parse date '10/26/23': time data '10/26/23' does not match format '%m/%d/%Y'
2025-07-20 13:52:33,524 - hvlc_db - WARNING - Could not parse date '10/21/23': time data '10/21/23' does not match format '%m/%d/%Y'
2025-07-20 13:52:33,524 - hvlc_db - WARNING - Could not parse date '10/26/23': time data '10/26/23' does not match format '%m/%d/%Y'
2025-07-20 13:52:33,524 - hvlc_db - WARNING - Could not parse date '10/23/23': time data '10/23/23' does not match format '%m/%d/%Y'
2025-07-20 13:52:33,524 - hvlc_db - WARNING - Could not parse date '10/26/23': time data '10/26/23' does not match format '%m/%d/%Y'
2025-07-20 13:52:33,524 - hvlc_db - WARNING - Could not parse date '10/24/23': time data '10/24/23' does not match format '%m/%d/%Y'
2025-07-20 13:52:33,524 - hvlc_db - WARNING - Could not parse date '10/26/23': time data '10/26/23' does not match format '%m/%d/%Y'
2025-07-20 13:52:33,525 - hvlc_db - WARNING - Could not parse date '10/24/23': time data '10/24/23' does not match format '%m/%d/%Y'
2025-07-20 13:52:33,525 - hvlc_db - WARNING - Could not parse date '10/26/23': time data '10/26/23' does not match format '%m/%d/%Y'
2025-07-20 13:52:33,525 - hvlc_db - WARNING - Could not parse date '10/24/23': time data '10/24/23' does not match format '%m/%d/%Y'
2025-07-20 13:52:33,525 - hvlc_db - WARNING - Could not parse date '10/26/23': time data '10/26/23' does not match format '%m/%d/%Y'
2025-07-20 13:52:33,525 - hvlc_db - WARNING - Could not parse date '10/26/23': time data '10/26/23' does not match format '%m/%d/%Y'
2025-07-20 13:52:33,525 - hvlc_db - WARNING - Could not parse date '10/26/23': time data '10/26/23' does not match format '%m/%d/%Y'
2025-07-20 13:52:33,525 - hvlc_db - WARNING - Could not parse date '10/26/23': time data '10/26/23' does not match format '%m/%d/%Y'
2025-07-20 13:52:33,525 - hvlc_db - WARNING - Could not parse date '10/26/23': time data '10/26/23' does not match format '%m/%d/%Y'
2025-07-20 13:52:33,525 - hvlc_db - WARNING - Could not parse date '9/25/23': time data '9/25/23' does not match format '%m/%d/%Y'
2025-07-20 13:52:33,525 - hvlc_db - WARNING - Could not parse date '10/30/23': time data '10/30/23' does not match format '%m/%d/%Y'
2025-07-20 13:52:33,525 - hvlc_db - WARNING - Could not parse date '10/17/23': time data '10/17/23' does not match format '%m/%d/%Y'
2025-07-20 13:52:33,525 - hvlc_db - WARNING - Could not parse date '10/30/23': time data '10/30/23' does not match format '%m/%d/%Y'
2025-07-20 13:52:33,525 - hvlc_db - WARNING - Could not parse date '10/17/23': time data '10/17/23' does not match format '%m/%d/%Y'
2025-07-20 13:52:33,525 - hvlc_db - WARNING - Could not parse date '10/31/23': time data '10/31/23' does not match format '%m/%d/%Y'
2025-07-20 13:52:33,525 - hvlc_db - WARNING - Could not parse date '10/18/23': time data '10/18/23' does not match format '%m/%d/%Y'
2025-07-20 13:52:33,525 - hvlc_db - WARNING - Could not parse date '10/31/23': time data '10/31/23' does not match format '%m/%d/%Y'
2025-07-20 13:52:33,526 - hvlc_db - WARNING - Could not parse date '10/19/23': time data '10/19/23' does not match format '%m/%d/%Y'
2025-07-20 13:52:33,526 - hvlc_db - WARNING - Could not parse date '10/30/23': time data '10/30/23' does not match format '%m/%d/%Y'
2025-07-20 13:52:33,526 - hvlc_db - WARNING - Could not parse date '10/23/23': time data '10/23/23' does not match format '%m/%d/%Y'
2025-07-20 13:52:33,526 - hvlc_db - WARNING - Could not parse date '10/30/23': time data '10/30/23' does not match format '%m/%d/%Y'
2025-07-20 13:52:33,526 - hvlc_db - WARNING - Could not parse date '10/23/23': time data '10/23/23' does not match format '%m/%d/%Y'
2025-07-20 13:52:33,526 - hvlc_db - WARNING - Could not parse date '10/31/23': time data '10/31/23' does not match format '%m/%d/%Y'
2025-07-20 13:52:33,526 - hvlc_db - WARNING - Could not parse date '10/27/23': time data '10/27/23' does not match format '%m/%d/%Y'
2025-07-20 13:52:33,526 - hvlc_db - WARNING - Could not parse date '10/30/23': time data '10/30/23' does not match format '%m/%d/%Y'
2025-07-20 13:52:33,526 - hvlc_db - WARNING - Could not parse date '10/27/23': time data '10/27/23' does not match format '%m/%d/%Y'
2025-07-20 13:52:33,526 - hvlc_db - WARNING - Could not parse date '10/30/23': time data '10/30/23' does not match format '%m/%d/%Y'
2025-07-20 13:52:33,526 - hvlc_db - WARNING - Could not parse date '10/30/23': time data '10/30/23' does not match format '%m/%d/%Y'
2025-07-20 13:52:33,526 - hvlc_db - WARNING - Could not parse date '10/30/23': time data '10/30/23' does not match format '%m/%d/%Y'
2025-07-20 13:52:33,526 - hvlc_db - WARNING - Could not parse date '10/30/23': time data '10/30/23' does not match format '%m/%d/%Y'
2025-07-20 13:52:33,526 - hvlc_db - WARNING - Could not parse date '10/30/23': time data '10/30/23' does not match format '%m/%d/%Y'
2025-07-20 13:52:33,526 - hvlc_db - WARNING - Could not parse date '10/31/23': time data '10/31/23' does not match format '%m/%d/%Y'
2025-07-20 13:52:33,526 - hvlc_db - WARNING - Could not parse date '10/31/23': time data '10/31/23' does not match format '%m/%d/%Y'
